<?xml version="1.0" encoding="UTF-8" ?>
<testsuite tests="5" failures="0" name="com.fico.xpress.services.MultipleValueArgValidationServiceTest" time="0.004" errors="0" skipped="0">
  <properties>
    <property name="java.runtime.name" value="OpenJDK Runtime Environment"/>
    <property name="java.vm.version" value="11.0.2+9"/>
    <property name="sun.boot.library.path" value="C:\dev\jdks\jdk-11.0.2\bin"/>
    <property name="maven.multiModuleProjectDirectory" value="C:\XPRESS\github\insight-admin-cl"/>
    <property name="java.vm.vendor" value="Oracle Corporation"/>
    <property name="java.vendor.url" value="http://java.oracle.com/"/>
    <property name="guice.disable.misplaced.annotation.check" value="true"/>
    <property name="path.separator" value=";"/>
    <property name="java.vm.name" value="OpenJDK 64-Bit Server VM"/>
    <property name="sun.os.patch.level" value=""/>
    <property name="user.script" value=""/>
    <property name="user.country" value="US"/>
    <property name="sun.java.launcher" value="SUN_STANDARD"/>
    <property name="java.vm.specification.name" value="Java Virtual Machine Specification"/>
    <property name="user.dir" value="C:\XPRESS\github\insight-admin-cl"/>
    <property name="java.vm.compressedOopsMode" value="Zero based"/>
    <property name="intellij.debug.agent" value="true"/>
    <property name="java.runtime.version" value="11.0.2+9"/>
    <property name="java.awt.graphicsenv" value="sun.awt.Win32GraphicsEnvironment"/>
    <property name="os.arch" value="amd64"/>
    <property name="java.io.tmpdir" value="C:\Users\KARTHI~1\AppData\Local\Temp\"/>
    <property name="line.separator" value="
"/>
    <property name="java.vm.specification.vendor" value="Oracle Corporation"/>
    <property name="user.variant" value=""/>
    <property name="os.name" value="Windows 10"/>
    <property name="classworlds.conf" value="C:\Users\karthickumareswarisu\AppData\Local\JetBrains\IntelliJ IDEA 2019.1.1\plugins\maven\lib\maven3\bin\m2.conf"/>
    <property name="sun.jnu.encoding" value="Cp1252"/>
    <property name="java.library.path" value="C:\dev\jdks\jdk-11.0.2\bin;C:\WINDOWS\Sun\Java\bin;C:\WINDOWS\system32;C:\WINDOWS;C:\ProgramData\DockerDesktop\version-bin;C:\Program Files\Docker\Docker\Resources\bin;C:\xpressmp\bin;C:\xpressmp\workbench;C:\WINDOWS\system32;C:\WINDOWS;C:\WINDOWS\System32\Wbem;C:\WINDOWS\System32\WindowsPowerShell\v1.0\;C:\WINDOWS\System32\OpenSSH\;C:\Program Files (x86)\Webex\Webex\Applications;C:\Program Files\TortoiseGit\bin;C:\Program Files\Git\cmd;C:\Program Files\nodejs\;C:\ProgramData\chocolatey\bin;C:\Program Files\MySQL\MySQL Shell 8.0\bin\:C:\Program Files\MySQL\MySQL Server 5.7\bin;c:\dev\jdks\jdk-11.0.2\bin;C:\dev\apache-maven-3.6.1\bin;C:\xpressmp\insight\db\pgsql\bin;C:\dev\apache-ant-1.10.6\bin;C:\tools\Cmder;C:\Users\karthickumareswarisu\AppData\Roaming\npm;;."/>
    <property name="jboss.modules.system.pkgs" value="com.intellij.rt"/>
    <property name="jdk.debug" value="release"/>
    <property name="java.class.version" value="55.0"/>
    <property name="java.specification.name" value="Java Platform API Specification"/>
    <property name="sun.management.compiler" value="HotSpot 64-Bit Tiered Compilers"/>
    <property name="os.version" value="10.0"/>
    <property name="user.home" value="C:\Users\karthickumareswarisu"/>
    <property name="user.timezone" value="Asia/Calcutta"/>
    <property name="java.awt.printerjob" value="sun.awt.windows.WPrinterJob"/>
    <property name="file.encoding" value="UTF-8"/>
    <property name="java.specification.version" value="11"/>
    <property name="user.name" value="KarthicSubramanian"/>
    <property name="java.class.path" value="C:\Users\karthickumareswarisu\AppData\Local\JetBrains\IntelliJ IDEA 2019.1.1\plugins\maven\lib\maven3\boot\plexus-classworlds-2.5.2.jar;C:\Users\karthickumareswarisu\AppData\Local\JetBrains\IntelliJ IDEA 2019.1.1\lib\idea_rt.jar"/>
    <property name="java.vm.specification.version" value="11"/>
    <property name="sun.arch.data.model" value="64"/>
    <property name="sun.java.command" value="org.codehaus.classworlds.Launcher -Didea.version2019.1.1 test"/>
    <property name="java.home" value="C:\dev\jdks\jdk-11.0.2"/>
    <property name="user.language" value="en"/>
    <property name="java.specification.vendor" value="Oracle Corporation"/>
    <property name="awt.toolkit" value="sun.awt.windows.WToolkit"/>
    <property name="java.vm.info" value="mixed mode"/>
    <property name="idea.version2019.1.1" value="true"/>
    <property name="java.version" value="11.0.2"/>
    <property name="java.vendor" value="Oracle Corporation"/>
    <property name="maven.home" value="C:\Users\karthickumareswarisu\AppData\Local\JetBrains\IntelliJ IDEA 2019.1.1\plugins\maven\lib\maven3"/>
    <property name="file.separator" value="\"/>
    <property name="java.version.date" value="2019-01-15"/>
    <property name="java.vendor.url.bug" value="http://bugreport.java.com/bugreport/"/>
    <property name="sun.io.unicode.encoding" value="UnicodeLittle"/>
    <property name="sun.cpu.endian" value="little"/>
    <property name="java.vendor.version" value="18.9"/>
    <property name="sun.desktop" value="windows"/>
    <property name="sun.cpu.isalist" value="amd64"/>
  </properties>
  <testcase classname="com.fico.xpress.services.MultipleValueArgValidationServiceTest" name="testPrepareUniqueMultipleValueArgToAdd" time="0"/>
  <testcase classname="com.fico.xpress.services.MultipleValueArgValidationServiceTest" name="testValidateAddArgs" time="0"/>
  <testcase classname="com.fico.xpress.services.MultipleValueArgValidationServiceTest" name="testValidateAddAndRemoveArgs" time="0.001"/>
  <testcase classname="com.fico.xpress.services.MultipleValueArgValidationServiceTest" name="testPopulateAndValidateMultipleValueArgs" time="0.002"/>
  <testcase classname="com.fico.xpress.services.MultipleValueArgValidationServiceTest" name="testValidateRemoveArgs" time="0.001"/>
</testsuite>